<?xml version="1.0" encoding="UTF-8"?>
<!-- Generated by org.testng.reporters.JUnitXMLReporter -->
<testsuite ignored="0" hostname="Arun" failures="1" tests="10" name="Test" time="72.058" errors="0" timestamp="2023-07-28T07:03:07 IST">
  <testcase classname="TestScript.DataTesting" name="dataIntegration" time="0.056"/>
  <testcase classname="TestScript.DataTesting" name="dataIntegration" time="0.006"/>
  <testcase classname="TestScript.DataTesting" name="parameterData" time="0.019"/>
  <testcase classname="TestScript.greenKartHomePage" name="espn" time="24.479"/>
  <testcase classname="TestScript.greenKartHomePage" name="searchBox" time="12.791"/>
  <testcase classname="TestScript.greenKartHomePage" name="test1" time="0.001"/>
  <testcase classname="TestScript.homepage" name="test1" time="27.981"/>
  <testcase classname="TestScript.homepage" name="test2" time="4.63"/>
  <testcase classname="TestScript.homepage" name="titleCheck" time="0.037">
    <failure type="java.lang.AssertionError" message="expected [GreenKart - veg and fruits kart] but found [GreenKart - veg and fruit kart]">
      <![CDATA[java.lang.AssertionError: expected [GreenKart - veg and fruits kart] but found [GreenKart - veg and fruit kart]
at TestScript.homepage.titleCheck(homepage.java:45)
at java.base/java.util.ArrayList.forEach(ArrayList.java:1511)
... Removed 37 stack frames]]>
    </failure>
  </testcase> <!-- titleCheck -->
  <testcase classname="TestScript.homepage" name="excelTest" time="1.827"/>
</testsuite> <!-- Test -->
