<?xml version="1.0" encoding="UTF-8"?>
<testng-results ignored="0" total="10" passed="9" failed="1" skipped="0">
  <reporter-output>
  </reporter-output>
  <suite started-at="2023-07-28T07:01:55 IST" name="Suite" finished-at="2023-07-28T07:03:07 IST" duration-ms="72058">
    <groups>
      <group name="smoke">
        <method signature="homepage.test1()[pri:1, instance:TestScript.homepage@5c10f1c3]" name="test1" class="TestScript.homepage"/>
        <method signature="homepage.test2()[pri:2, instance:TestScript.homepage@5c10f1c3]" name="test2" class="TestScript.homepage"/>
      </group> <!-- smoke -->
    </groups>
    <test started-at="2023-07-28T07:01:55 IST" name="Test" finished-at="2023-07-28T07:03:07 IST" duration-ms="72058">
      <class name="TestScript.homepage">
        <test-method signature="test1()[pri:1, instance:TestScript.homepage@5c10f1c3]" started-at="2023-07-28T07:02:32 IST" name="test1" finished-at="2023-07-28T07:03:00 IST" duration-ms="27981" status="PASS">
          <reporter-output>
          </reporter-output>
        </test-method> <!-- test1 -->
        <test-method signature="test2()[pri:2, instance:TestScript.homepage@5c10f1c3]" started-at="2023-07-28T07:03:00 IST" name="test2" finished-at="2023-07-28T07:03:05 IST" duration-ms="4630" status="PASS">
          <reporter-output>
          </reporter-output>
        </test-method> <!-- test2 -->
        <test-method signature="titleCheck()[pri:3, instance:TestScript.homepage@5c10f1c3]" started-at="2023-07-28T07:03:05 IST" name="titleCheck" finished-at="2023-07-28T07:03:05 IST" duration-ms="37" status="FAIL">
          <exception class="java.lang.AssertionError">
            <message>
              <![CDATA[expected [GreenKart - veg and fruits kart] but found [GreenKart - veg and fruit kart]]]>
            </message>
            <full-stacktrace>
              <![CDATA[java.lang.AssertionError: expected [GreenKart - veg and fruits kart] but found [GreenKart - veg and fruit kart]
at org.testng.Assert.fail(Assert.java:111)
at org.testng.Assert.failNotEquals(Assert.java:1578)
at org.testng.Assert.assertEqualsImpl(Assert.java:150)
at org.testng.Assert.assertEquals(Assert.java:132)
at org.testng.Assert.assertEquals(Assert.java:656)
at org.testng.Assert.assertEquals(Assert.java:666)
at TestScript.homepage.titleCheck(homepage.java:45)
at java.base/jdk.internal.reflect.NativeMethodAccessorImpl.invoke0(Native Method)
at java.base/jdk.internal.reflect.NativeMethodAccessorImpl.invoke(NativeMethodAccessorImpl.java:77)
at java.base/jdk.internal.reflect.DelegatingMethodAccessorImpl.invoke(DelegatingMethodAccessorImpl.java:43)
at java.base/java.lang.reflect.Method.invoke(Method.java:568)
at org.testng.internal.invokers.MethodInvocationHelper.invokeMethod(MethodInvocationHelper.java:139)
at org.testng.internal.invokers.TestInvoker.invokeMethod(TestInvoker.java:664)
at org.testng.internal.invokers.TestInvoker.invokeTestMethod(TestInvoker.java:227)
at org.testng.internal.invokers.MethodRunner.runInSequence(MethodRunner.java:50)
at org.testng.internal.invokers.TestInvoker$MethodInvocationAgent.invoke(TestInvoker.java:957)
at org.testng.internal.invokers.TestInvoker.invokeTestMethods(TestInvoker.java:200)
at org.testng.internal.invokers.TestMethodWorker.invokeTestMethods(TestMethodWorker.java:148)
at org.testng.internal.invokers.TestMethodWorker.run(TestMethodWorker.java:128)
at java.base/java.util.ArrayList.forEach(ArrayList.java:1511)
at org.testng.TestRunner.privateRun(TestRunner.java:848)
at org.testng.TestRunner.run(TestRunner.java:621)
at org.testng.SuiteRunner.runTest(SuiteRunner.java:443)
at org.testng.SuiteRunner.runSequentially(SuiteRunner.java:437)
at org.testng.SuiteRunner.privateRun(SuiteRunner.java:397)
at org.testng.SuiteRunner.run(SuiteRunner.java:336)
at org.testng.SuiteRunnerWorker.runSuite(SuiteRunnerWorker.java:52)
at org.testng.SuiteRunnerWorker.run(SuiteRunnerWorker.java:95)
at org.testng.TestNG.runSuitesSequentially(TestNG.java:1280)
at org.testng.TestNG.runSuitesLocally(TestNG.java:1200)
at org.testng.TestNG.runSuites(TestNG.java:1114)
at org.testng.TestNG.run(TestNG.java:1082)
at org.apache.maven.surefire.testng.TestNGExecutor.run(TestNGExecutor.java:308)
at org.apache.maven.surefire.testng.TestNGXmlTestSuite.execute(TestNGXmlTestSuite.java:71)
at org.apache.maven.surefire.testng.TestNGProvider.invoke(TestNGProvider.java:113)
at org.apache.maven.surefire.booter.ForkedBooter.runSuitesInProcess(ForkedBooter.java:385)
at org.apache.maven.surefire.booter.ForkedBooter.execute(ForkedBooter.java:162)
at org.apache.maven.surefire.booter.ForkedBooter.run(ForkedBooter.java:507)
at org.apache.maven.surefire.booter.ForkedBooter.main(ForkedBooter.java:495)
]]>
            </full-stacktrace>
          </exception> <!-- java.lang.AssertionError -->
          <reporter-output>
          </reporter-output>
        </test-method> <!-- titleCheck -->
        <test-method signature="excelTest()[pri:4, instance:TestScript.homepage@5c10f1c3]" started-at="2023-07-28T07:03:05 IST" name="excelTest" finished-at="2023-07-28T07:03:07 IST" duration-ms="1827" status="PASS">
          <reporter-output>
          </reporter-output>
        </test-method> <!-- excelTest -->
      </class> <!-- TestScript.homepage -->
      <class name="TestScript.greenKartHomePage">
        <test-method is-config="true" signature="testing()[pri:0, instance:TestScript.greenKartHomePage@640f11a1]" started-at="2023-07-28T07:01:55 IST" name="testing" finished-at="2023-07-28T07:01:55 IST" duration-ms="23" status="PASS">
          <reporter-output>
          </reporter-output>
        </test-method> <!-- testing -->
        <test-method is-config="true" signature="clearingcookies()[pri:0, instance:TestScript.greenKartHomePage@640f11a1]" started-at="2023-07-28T07:01:55 IST" name="clearingcookies" finished-at="2023-07-28T07:01:55 IST" duration-ms="1" status="PASS">
          <reporter-output>
          </reporter-output>
        </test-method> <!-- clearingcookies -->
        <test-method is-config="true" signature="testMethod()[pri:0, instance:TestScript.greenKartHomePage@640f11a1]" started-at="2023-07-28T07:01:55 IST" name="testMethod" finished-at="2023-07-28T07:01:55 IST" duration-ms="0" status="PASS">
          <reporter-output>
          </reporter-output>
        </test-method> <!-- testMethod -->
        <test-method signature="espn()[pri:0, instance:TestScript.greenKartHomePage@640f11a1]" started-at="2023-07-28T07:01:55 IST" name="espn" finished-at="2023-07-28T07:02:19 IST" duration-ms="24479" status="PASS">
          <reporter-output>
          </reporter-output>
        </test-method> <!-- espn -->
        <test-method is-config="true" signature="test()[pri:0, instance:TestScript.greenKartHomePage@640f11a1]" started-at="2023-07-28T07:02:19 IST" name="test" finished-at="2023-07-28T07:02:19 IST" duration-ms="2" status="PASS">
          <reporter-output>
          </reporter-output>
        </test-method> <!-- test -->
        <test-method is-config="true" signature="testMethod()[pri:0, instance:TestScript.greenKartHomePage@640f11a1]" started-at="2023-07-28T07:02:19 IST" name="testMethod" finished-at="2023-07-28T07:02:19 IST" duration-ms="1" status="PASS">
          <reporter-output>
          </reporter-output>
        </test-method> <!-- testMethod -->
        <test-method signature="searchBox()[pri:0, instance:TestScript.greenKartHomePage@640f11a1]" started-at="2023-07-28T07:02:19 IST" name="searchBox" finished-at="2023-07-28T07:02:32 IST" duration-ms="12791" status="PASS">
          <reporter-output>
          </reporter-output>
        </test-method> <!-- searchBox -->
        <test-method is-config="true" signature="test()[pri:0, instance:TestScript.greenKartHomePage@640f11a1]" started-at="2023-07-28T07:02:32 IST" name="test" finished-at="2023-07-28T07:02:32 IST" duration-ms="8" status="PASS">
          <reporter-output>
          </reporter-output>
        </test-method> <!-- test -->
        <test-method is-config="true" signature="testMethod()[pri:0, instance:TestScript.greenKartHomePage@640f11a1]" started-at="2023-07-28T07:02:32 IST" name="testMethod" finished-at="2023-07-28T07:02:32 IST" duration-ms="0" status="PASS">
          <reporter-output>
          </reporter-output>
        </test-method> <!-- testMethod -->
        <test-method signature="test1()[pri:0, instance:TestScript.greenKartHomePage@640f11a1]" started-at="2023-07-28T07:02:32 IST" name="test1" finished-at="2023-07-28T07:02:32 IST" duration-ms="1" status="PASS">
          <reporter-output>
          </reporter-output>
        </test-method> <!-- test1 -->
        <test-method is-config="true" signature="test()[pri:0, instance:TestScript.greenKartHomePage@640f11a1]" started-at="2023-07-28T07:02:32 IST" name="test" finished-at="2023-07-28T07:02:32 IST" duration-ms="1" status="PASS">
          <reporter-output>
          </reporter-output>
        </test-method> <!-- test -->
      </class> <!-- TestScript.greenKartHomePage -->
      <class name="TestScript.DataTesting">
        <test-method signature="dataIntegration(java.lang.String)[pri:0, instance:TestScript.DataTesting@555cf22]" started-at="2023-07-28T07:01:55 IST" name="dataIntegration" data-provider="Data_For_Testing" finished-at="2023-07-28T07:01:55 IST" duration-ms="56" status="PASS">
          <params>
            <param index="0">
              <value>
                <![CDATA[Arun]]>
              </value>
            </param>
          </params>
          <reporter-output>
          </reporter-output>
        </test-method> <!-- dataIntegration -->
        <test-method signature="dataIntegration(java.lang.String)[pri:0, instance:TestScript.DataTesting@555cf22]" started-at="2023-07-28T07:01:55 IST" name="dataIntegration" data-provider="Data_For_Testing" finished-at="2023-07-28T07:01:55 IST" duration-ms="6" status="PASS">
          <params>
            <param index="0">
              <value>
                <![CDATA[Venkatesh]]>
              </value>
            </param>
          </params>
          <reporter-output>
          </reporter-output>
        </test-method> <!-- dataIntegration -->
        <test-method signature="parameterData(int,int)[pri:0, instance:TestScript.DataTesting@555cf22]" started-at="2023-07-28T07:01:55 IST" name="parameterData" finished-at="2023-07-28T07:01:55 IST" duration-ms="19" status="PASS">
          <params>
            <param index="0">
              <value>
                <![CDATA[5]]>
              </value>
            </param>
            <param index="1">
              <value>
                <![CDATA[6]]>
              </value>
            </param>
          </params>
          <reporter-output>
          </reporter-output>
        </test-method> <!-- parameterData -->
      </class> <!-- TestScript.DataTesting -->
    </test> <!-- Test -->
  </suite> <!-- Suite -->
</testng-results>
